============================= test session starts ==============================
platform darwin -- Python 3.9.6, pytest-8.0.0, pluggy-1.6.0
rootdir: /Users/abdallahabdelrhimantar/Desktop/backend/p7
configfile: pytest.ini
plugins: anyio-4.12.1, asyncio-0.23.5, mock-3.15.1, cov-4.1.0
asyncio: mode=auto
collected 40 items

tests/unit/test_all_repositories.py ..........                           [ 25%]
tests/unit/test_api_endpoints_comprehensive.py ..................        [ 70%]
tests/unit/test_all_services.py ............                             [100%]

=============================== warnings summary ===============================
tests/unit/test_api_endpoints_comprehensive.py::test_service_dependencies_coverage
  /Applications/Xcode.app/Contents/Developer/Library/Frameworks/Python3.framework/Versions/3.9/lib/python3.9/asyncio/events.py:80: RuntimeWarning: coroutine 'get_ai_service' was never awaited
    self._context.run(self._callback, *self._args)
  Enable tracemalloc to get traceback where the object was allocated.
  See https://docs.pytest.org/en/stable/how-to/capture-warnings.html#resource-warnings for more info.

tests/unit/test_api_endpoints_comprehensive.py::test_service_dependencies_coverage
  /Applications/Xcode.app/Contents/Developer/Library/Frameworks/Python3.framework/Versions/3.9/lib/python3.9/asyncio/events.py:80: RuntimeWarning: coroutine 'get_payment_service' was never awaited
    self._context.run(self._callback, *self._args)
  Enable tracemalloc to get traceback where the object was allocated.
  See https://docs.pytest.org/en/stable/how-to/capture-warnings.html#resource-warnings for more info.

tests/unit/test_api_endpoints_comprehensive.py::test_service_dependencies_coverage
  /Applications/Xcode.app/Contents/Developer/Library/Frameworks/Python3.framework/Versions/3.9/lib/python3.9/asyncio/events.py:80: RuntimeWarning: coroutine 'get_payment_method_service' was never awaited
    self._context.run(self._callback, *self._args)
  Enable tracemalloc to get traceback where the object was allocated.
  See https://docs.pytest.org/en/stable/how-to/capture-warnings.html#resource-warnings for more info.

tests/unit/test_api_endpoints_comprehensive.py::test_service_dependencies_coverage
  /Applications/Xcode.app/Contents/Developer/Library/Frameworks/Python3.framework/Versions/3.9/lib/python3.9/asyncio/events.py:80: RuntimeWarning: coroutine 'get_subscription_service' was never awaited
    self._context.run(self._callback, *self._args)
  Enable tracemalloc to get traceback where the object was allocated.
  See https://docs.pytest.org/en/stable/how-to/capture-warnings.html#resource-warnings for more info.

tests/unit/test_api_endpoints_comprehensive.py::test_service_dependencies_coverage
  /Applications/Xcode.app/Contents/Developer/Library/Frameworks/Python3.framework/Versions/3.9/lib/python3.9/asyncio/events.py:80: RuntimeWarning: coroutine 'get_usage_service' was never awaited
    self._context.run(self._callback, *self._args)
  Enable tracemalloc to get traceback where the object was allocated.
  See https://docs.pytest.org/en/stable/how-to/capture-warnings.html#resource-warnings for more info.

tests/unit/test_api_endpoints_comprehensive.py::test_service_dependencies_coverage
  /Applications/Xcode.app/Contents/Developer/Library/Frameworks/Python3.framework/Versions/3.9/lib/python3.9/asyncio/events.py:80: RuntimeWarning: coroutine 'get_stripe_webhook_service' was never awaited
    self._context.run(self._callback, *self._args)
  Enable tracemalloc to get traceback where the object was allocated.
  See https://docs.pytest.org/en/stable/how-to/capture-warnings.html#resource-warnings for more info.

tests/unit/test_api_endpoints_comprehensive.py::test_service_dependencies_coverage
  /Applications/Xcode.app/Contents/Developer/Library/Frameworks/Python3.framework/Versions/3.9/lib/python3.9/asyncio/events.py:80: RuntimeWarning: coroutine 'get_business_invite_service' was never awaited
    self._context.run(self._callback, *self._args)
  Enable tracemalloc to get traceback where the object was allocated.
  See https://docs.pytest.org/en/stable/how-to/capture-warnings.html#resource-warnings for more info.

tests/unit/test_api_endpoints_comprehensive.py::test_service_dependencies_coverage
  /Applications/Xcode.app/Contents/Developer/Library/Frameworks/Python3.framework/Versions/3.9/lib/python3.9/asyncio/events.py:80: RuntimeWarning: coroutine 'get_chat_service' was never awaited
    self._context.run(self._callback, *self._args)
  Enable tracemalloc to get traceback where the object was allocated.
  See https://docs.pytest.org/en/stable/how-to/capture-warnings.html#resource-warnings for more info.

tests/unit/test_api_endpoints_comprehensive.py::test_service_dependencies_coverage
  /Applications/Xcode.app/Contents/Developer/Library/Frameworks/Python3.framework/Versions/3.9/lib/python3.9/asyncio/events.py:80: RuntimeWarning: coroutine 'get_file_service' was never awaited
    self._context.run(self._callback, *self._args)
  Enable tracemalloc to get traceback where the object was allocated.
  See https://docs.pytest.org/en/stable/how-to/capture-warnings.html#resource-warnings for more info.

tests/unit/test_api_endpoints_comprehensive.py::test_service_dependencies_coverage
  /Applications/Xcode.app/Contents/Developer/Library/Frameworks/Python3.framework/Versions/3.9/lib/python3.9/asyncio/events.py:80: RuntimeWarning: coroutine 'get_notification_service' was never awaited
    self._context.run(self._callback, *self._args)
  Enable tracemalloc to get traceback where the object was allocated.
  See https://docs.pytest.org/en/stable/how-to/capture-warnings.html#resource-warnings for more info.

tests/unit/test_api_endpoints_comprehensive.py::test_service_dependencies_coverage
  /Applications/Xcode.app/Contents/Developer/Library/Frameworks/Python3.framework/Versions/3.9/lib/python3.9/asyncio/events.py:80: RuntimeWarning: coroutine 'get_share_link_service' was never awaited
    self._context.run(self._callback, *self._args)
  Enable tracemalloc to get traceback where the object was allocated.
  See https://docs.pytest.org/en/stable/how-to/capture-warnings.html#resource-warnings for more info.

tests/unit/test_api_endpoints_comprehensive.py::test_service_dependencies_coverage
  /Applications/Xcode.app/Contents/Developer/Library/Frameworks/Python3.framework/Versions/3.9/lib/python3.9/asyncio/events.py:80: RuntimeWarning: coroutine 'get_partner_profile_service' was never awaited
    self._context.run(self._callback, *self._args)
  Enable tracemalloc to get traceback where the object was allocated.
  See https://docs.pytest.org/en/stable/how-to/capture-warnings.html#resource-warnings for more info.

tests/unit/test_api_endpoints_comprehensive.py::test_service_dependencies_coverage
  /Applications/Xcode.app/Contents/Developer/Library/Frameworks/Python3.framework/Versions/3.9/lib/python3.9/asyncio/events.py:80: RuntimeWarning: coroutine 'get_partner_request_service' was never awaited
    self._context.run(self._callback, *self._args)
  Enable tracemalloc to get traceback where the object was allocated.
  See https://docs.pytest.org/en/stable/how-to/capture-warnings.html#resource-warnings for more info.

tests/unit/test_api_endpoints_comprehensive.py::test_billing_plan_api
  /Users/abdallahabdelrhimantar/Library/Python/3.9/lib/python/site-packages/_pytest/unraisableexception.py:80: PytestUnraisableExceptionWarning: Exception ignored in: <socket.socket fd=-1, family=AddressFamily.AF_UNIX, type=SocketKind.SOCK_STREAM, proto=0>
  
  Traceback (most recent call last):
    File "/Applications/Xcode.app/Contents/Developer/Library/Frameworks/Python3.framework/Versions/3.9/lib/python3.9/unittest/mock.py", line 2059, in _mock_set_magics
      setattr(_type, entry, MagicProxy(entry, self))
  ResourceWarning: unclosed <socket.socket fd=17, family=AddressFamily.AF_UNIX, type=SocketKind.SOCK_STREAM, proto=0>
  
    warnings.warn(pytest.PytestUnraisableExceptionWarning(msg))

-- Docs: https://docs.pytest.org/en/stable/how-to/capture-warnings.html

---------- coverage: platform darwin, python 3.9.6-final-0 -----------
Name                                              Stmts   Miss  Cover   Missing
-------------------------------------------------------------------------------
app/__init__.py                                       0      0   100%
app/api/__init__.py                                   0      0   100%
app/api/v1/ai/__init__.py                             0      0   100%
app/api/v1/ai/agent.py                               33     14    58%   27, 37, 44-47, 55-58, 65-68
app/api/v1/ai/agent_run.py                           61     36    41%   20-25, 36, 48-63, 78-82, 91-95, 103-107, 125-132
app/api/v1/ai/embedding.py                           32     14    56%   17, 24, 31-34, 42-45, 52-55
app/api/v1/ai/validation_log.py                      32     14    56%   17, 25, 36-39, 47-50, 57-60
app/api/v1/api.py                                    77      0   100%
app/api/v1/auth.py                                  107      5    95%   108-110, 114, 117
app/api/v1/billing/__init__.py                        0      0   100%
app/api/v1/billing/checkout.py                       51     27    47%   65-140
app/api/v1/billing/payment.py                        84     56    33%   42-43, 58-59, 74-75, 94, 125-157, 179-183, 209-229, 251-255, 277-286
app/api/v1/billing/payment_method.py                 44     23    48%   15-16, 26, 34-36, 44-48, 57-63, 71-75
app/api/v1/billing/plan.py                           37     13    65%   41-45, 54-57, 65-68
app/api/v1/billing/stripe_webhook.py                 24     14    42%   51-71
app/api/v1/billing/subscription.py                   44     22    50%   15-16, 43-45, 53-57, 66-72, 80-84
app/api/v1/billing/usage.py                          44     23    48%   15-16, 26, 34-36, 44-48, 57-63, 71-75
app/api/v1/business/__init__.py                       0      0   100%
app/api/v1/business/business.py                      66     45    32%   22-32, 41-45, 54-68, 77-88, 97-108
app/api/v1/business/business_collaborator.py         32     13    59%   24, 31-34, 42-45, 52-55
app/api/v1/business/business_invite.py               32     14    56%   17, 24, 31-34, 42-45, 52-55
app/api/v1/business/business_invite_idea.py          32     14    56%   17, 24, 31-34, 42-45, 52-55
app/api/v1/business/business_roadmap.py              32     14    56%   17, 24, 31-34, 42-45, 52-55
app/api/v1/business/roadmap_stage.py                 32     14    56%   17, 24, 31-34, 42-45, 52-55
app/api/v1/chat/__init__.py                           0      0   100%
app/api/v1/chat/chat_message.py                      51     29    43%   15-16, 24-29, 39-40, 49-50, 62-66, 75-81, 89-93
app/api/v1/chat/chat_session.py                      42     21    50%   15-16, 26, 35, 48-52, 61-67, 75-79
app/api/v1/chat/chat_ws.py                           95     69    27%   28-31, 34-37, 40, 43-45, 50-66, 76-157
app/api/v1/core/__init__.py                           0      0   100%
app/api/v1/core/file.py                              44     23    48%   15-16, 26, 34-36, 44-48, 57-63, 71-75
app/api/v1/core/notification.py                      44     23    48%   15-16, 26, 34-36, 44-48, 57-63, 71-75
app/api/v1/core/share_link.py                        44     23    48%   15-16, 26, 34-36, 44-48, 57-63, 71-75
app/api/v1/ideation/__init__.py                       0      0   100%
app/api/v1/ideation/comparison_item.py               32     14    56%   17, 24, 31-34, 42-45, 52-55
app/api/v1/ideation/comparison_metric.py             32     14    56%   17, 24, 31-34, 42-45, 52-55
app/api/v1/ideation/experiment.py                    32     14    56%   17, 24, 31-34, 42-45, 52-55
app/api/v1/ideation/idea.py                          59     38    36%   22-34, 43-47, 56-67, 77-86, 95-103
app/api/v1/ideation/idea_access.py                   45     23    49%   15-17, 28, 37-38, 47-51, 61-67, 76-80
app/api/v1/ideation/idea_comparison.py               32     14    56%   17, 24, 31-34, 42-45, 52-55
app/api/v1/ideation/idea_metric.py                   32     14    56%   17, 24, 31-34, 42-45, 52-55
app/api/v1/ideation/idea_version.py                  32     14    56%   17, 24, 31-34, 42-45, 52-55
app/api/v1/partners/__init__.py                       0      0   100%
app/api/v1/partners/partner_profile.py               32     14    56%   17, 25, 37-40, 48-51, 58-61
app/api/v1/partners/partner_request.py               32     14    56%   17, 25, 37-40, 48-51, 58-61
app/api/v1/service_dependencies.py                   84     14    83%   78, 82, 90, 94, 98, 102, 106, 132, 174, 178, 182, 186, 190, 194
app/api/v1/users/__init__.py                          0      0   100%
app/api/v1/users/admin_action_log.py                 33     14    58%   20, 28, 36-39, 48-51, 59-62
app/api/v1/users/user.py                             50     27    46%   23-25, 33-36, 43, 52-56, 66-70, 79-83, 92-95
app/api/v1/users/user_profile.py                     43     22    49%   26, 35-38, 47-51, 61-67, 76-80
app/core/__init__.py                                  0      0   100%
app/core/async_patterns.py                           86     86     0%   14-425
app/core/cache.py                                   227    110    52%   26-27, 42, 47, 52, 57, 62, 67, 91-92, 100-101, 133-134, 138, 142-144, 189-192, 197, 208-213, 218, 226, 234-236, 241, 245-247, 252, 256-258, 263, 268-270, 274-281, 301-315, 319, 323, 327, 331, 335, 339-343, 347-359, 363, 369-390, 418-434, 440
app/core/circuit_breaker.py                         100     11    89%   46, 48, 50, 69, 75, 118-123
app/core/config.py                                    3      3     0%   6-10
app/core/crud_utils.py                               24      8    67%   38, 72, 129-134
app/core/dependencies.py                             54     31    43%   40-95, 100-107, 130-135, 146, 152-153
app/core/encryption.py                               49     32    35%   33-48, 53-57, 62-67, 84-86, 90-97
app/core/event_handlers.py                           13      6    54%   11-23
app/core/events.py                                   53     33    38%   18-22, 37-42, 46-47, 51-72, 76-84
app/core/exceptions.py                               69     32    54%   129-136, 168, 200-205, 234-244, 273-284, 316-321, 338
app/core/metrics.py                                  63     23    63%   244-246, 250-251, 255-257, 262-263, 268-270, 277-280, 285, 290-292, 297-298, 303
app/core/pagination.py                               16      1    94%   136
app/core/security.py                                 47     14    70%   52, 85, 114-116, 146-148, 170, 195, 220-222, 252
app/core/structured_logging.py                       81      4    95%   56, 126, 171, 176
app/core/token_blacklist.py                          72     53    26%   22-28, 33-40, 53-74, 92-110, 123-135
app/db/database.py                                   58     28    52%   32, 38-45, 58-64, 98-102, 110-114, 129-133
app/db/guid.py                                       25      4    84%   65-68, 90
app/middleware/__init__.py                            0      0   100%
app/middleware/error_handler.py                      55     17    69%   80-90, 97-107, 114-124, 144-173
app/middleware/log_middleware.py                     34      6    82%   60, 93, 95, 104-113
app/middleware/prometheus.py                         32      2    94%   54-55
app/middleware/rate_limiter.py                       57     43    25%   47-51, 55, 59-123
app/middleware/rate_limiter_redis.py                101     83    18%   42-48, 52-72, 76, 81-111, 115-139, 143-195
app/models/__init__.py                               13      0   100%
app/models/ai/agent.py                               51      0   100%
app/models/billing/billing.py                        68      0   100%
app/models/billing/processed_event.py                13      0   100%
app/models/business/business.py                      78      0   100%
app/models/chat/chat.py                              28      0   100%
app/models/core/core.py                              51      0   100%
app/models/enums.py                                  92      0   100%
app/models/ideation/comparison.py                    34      0   100%
app/models/ideation/idea.py                          75      0   100%
app/models/mixins.py                                 11      0   100%
app/models/partners/partner.py                       39      0   100%
app/models/users/user.py                             79      0   100%
app/repositories/__init__.py                         10      0   100%
app/repositories/ai_repository.py                    55      0   100%
app/repositories/auth_repository.py                  86      0   100%
app/repositories/base_repository.py                  64      1    98%   89
app/repositories/billing_repository.py              131      0   100%
app/repositories/business_repository.py             132      0   100%
app/repositories/chat_repository.py                  48      0   100%
app/repositories/core_repository.py                  53      0   100%
app/repositories/idea_repository.py                 138      0   100%
app/repositories/partner_repository.py               60      0   100%
app/repositories/user_repository.py                  55      0   100%
app/schemas/ai/__init__.py                            0      0   100%
app/schemas/ai/agent.py                              18      0   100%
app/schemas/ai/agent_run.py                          35      0   100%
app/schemas/ai/embedding.py                          25      0   100%
app/schemas/ai/validation_log.py                     25      0   100%
app/schemas/billing/__init__.py                       0      0   100%
app/schemas/billing/payment.py                       32      0   100%
app/schemas/billing/payment_method.py                28      0   100%
app/schemas/billing/plan.py                          57     20    65%   27-36, 50-59
app/schemas/billing/subscription.py                  26      0   100%
app/schemas/billing/usage.py                         24      0   100%
app/schemas/business/__init__.py                      0      0   100%
app/schemas/business/business.py                     29      0   100%
app/schemas/business/business_collaborator.py        23      0   100%
app/schemas/business/business_invite.py              32      0   100%
app/schemas/business/business_invite_idea.py         18      0   100%
app/schemas/business/business_roadmap.py             19      0   100%
app/schemas/business/roadmap_stage.py                29      0   100%
app/schemas/chat/__init__.py                          0      0   100%
app/schemas/chat/chat_message.py                     23      0   100%
app/schemas/chat/chat_session.py                     30      0   100%
app/schemas/core/__init__.py                          0      0   100%
app/schemas/core/file.py                             24      0   100%
app/schemas/core/notification.py                     25      0   100%
app/schemas/core/share_link.py                       29      0   100%
app/schemas/core_base.py                             16      5    69%   17-21
app/schemas/ideation/__init__.py                      0      0   100%
app/schemas/ideation/comparison_item.py              21      0   100%
app/schemas/ideation/comparison_metric.py            21      0   100%
app/schemas/ideation/experiment.py                   28      0   100%
app/schemas/ideation/idea.py                         35      0   100%
app/schemas/ideation/idea_access.py                  34      0   100%
app/schemas/ideation/idea_comparison.py              19      0   100%
app/schemas/ideation/idea_metric.py                  28      0   100%
app/schemas/ideation/idea_version.py                 22      0   100%
app/schemas/partners/__init__.py                      0      0   100%
app/schemas/partners/partner_profile.py              65     14    78%   32-41, 60, 62, 66-67
app/schemas/partners/partner_request.py              26      0   100%
app/schemas/users/__init__.py                         0      0   100%
app/schemas/users/admin_action_log.py                25      0   100%
app/schemas/users/user.py                            26      0   100%
app/schemas/users/user_profile.py                    75     30    60%   23-33, 49-58, 75-84
app/services/ai/__init__.py                           1      0   100%
app/services/ai/agent_run_service.py                 65     42    35%   20-23, 27, 36-38, 48-60, 65-127, 131, 135-144, 151-152
app/services/ai/ai_service.py                        94     44    53%   32, 35, 42, 45, 48-49, 52, 55-58, 65, 73-75, 94, 97-100, 103, 110, 113, 116, 119, 122-125, 132, 135, 138, 141, 144, 153, 156, 159, 164-170
app/services/ai/embedding_service.py                 35     13    63%   22, 30, 34-37, 47-53, 64
app/services/ai/provider_runtime.py                  99     73    26%   42, 46-50, 54-58, 62-71, 80-82, 96-123, 135-138, 147-200, 218-225, 229
app/services/auth/auth_service.py                   156    106    32%   61-63, 85-114, 118-129, 133-151, 155-189, 193-211, 218-232, 245-278, 286-287
app/services/base_service.py                          5      0   100%
app/services/billing/__init__.py                      0      0   100%
app/services/billing/payment_method.py               76     55    28%   22-28, 35-36, 39-42, 45-49, 53, 62-66, 70-83, 87-102, 106-121
app/services/billing/payment_service.py             154    124    19%   40-45, 53-60, 67-71, 75, 85, 89-153, 157-186, 190-196, 206-269, 287, 295-315, 320
app/services/billing/plan_service.py                 86     53    38%   38-53, 57, 66-114, 118, 126, 130-144, 148-158, 162-165
app/services/billing/stripe_webhook_service.py      128    108    16%   19-25, 32, 35, 38, 45-52, 55-62, 65-72, 75-98, 101-110, 113-138, 146-189
app/services/billing/subscription_service.py        157    121    23%   54-64, 68-73, 85-89, 102-111, 115-159, 168, 177-183, 191-235, 244-270, 274-286, 291
app/services/billing/usage_service.py                76     41    46%   29, 37-42, 51, 63, 68-96, 100, 109-112, 116-136, 140-151, 155, 160
app/services/business/__init__.py                     4      0   100%
app/services/business/business_collaborator.py       63     33    48%   25, 28, 31, 34, 42, 45-46, 53, 56-61, 64-70, 75-86, 90
app/services/business/business_invite.py             78     48    38%   25-28, 36, 40, 44, 48, 52, 63-67, 71-81, 85-88, 92-107, 115, 119, 123, 127, 131-134
app/services/business/business_roadmap.py           104     67    36%   27-40, 47, 50, 53, 56-67, 70, 73, 76-79, 86, 94-96, 99, 107, 110-113, 116-122, 125-146, 151-162, 166
app/services/business/business_service.py            37     10    73%   43, 48-52, 55, 58, 61-64
app/services/chat/__init__.py                         1      0   100%
app/services/chat/chat_message_operations.py         40     18    55%   27, 36-38, 42-48, 52-54, 58-63, 67, 71
app/services/chat/chat_service.py                    42     13    69%   29, 35, 38, 41, 44, 48, 51, 54, 57, 60, 63, 66, 74
app/services/chat/chat_session_operations.py         40     18    55%   27, 36-38, 47, 57-65, 69-71, 75-80, 84
app/services/core/__init__.py                         6      2    67%   15-16
app/services/core/cleanup_service.py                 48     33    31%   21-24, 28-36, 40-48, 52-60, 64, 72
app/services/core/core_service.py                    40     14    65%   23, 30, 33, 36, 39, 42, 49, 52, 55, 58, 61, 64, 71, 77
app/services/core/email_service.py                   53     34    36%   33-42, 46-61, 65-76, 80-91, 96-107, 111-112
app/services/core/file_service.py                    31     10    68%   36-38, 42, 46, 50-53, 57
app/services/core/notification_service.py            30      6    80%   29, 41, 45, 49, 53, 57
app/services/core/share_link_service.py              50     24    52%   22-26, 47-51, 62-77, 81, 85, 89-97, 101
app/services/ideation/__init__.py                     4      0   100%
app/services/ideation/idea_access.py                 65     42    35%   23-45, 53-81, 89, 92, 95, 103-117, 120, 123
app/services/ideation/idea_comparison.py             29      6    79%   27, 31, 35, 39, 43, 47
app/services/ideation/idea_comparison_item.py        50     27    46%   27, 31, 40-57, 61, 65, 73-95
app/services/ideation/idea_comparison_metric.py      36     14    61%   28, 32, 40-54, 61, 65
app/services/ideation/idea_experiment.py             53     26    51%   30, 39-42, 46, 50, 54-57, 61-77, 81-92
app/services/ideation/idea_metric.py                 57     32    44%   27-30, 39-45, 49-56, 60, 64-68, 75, 87-99
app/services/ideation/idea_service.py                46     16    65%   37, 40, 52, 57-61, 65-77, 81, 85
app/services/ideation/idea_version.py                53     28    47%   25-37, 40, 49-52, 56, 59, 62-65, 70-84, 89-90
app/services/interfaces.py                           48      0   100%
app/services/partners/__init__.py                     6      2    67%   14-15
app/services/partners/partner_profile.py             71     46    35%   36, 47-68, 72, 76, 80-84, 112-154, 157
app/services/partners/partner_request.py             48     25    48%   27-28, 32, 36, 48-59, 70, 74, 78, 87-92, 96, 106
app/services/partners/partner_service.py             10      2    80%   17, 25
app/services/users/__init__.py                        0      0   100%
app/services/users/admin_log_service.py              34     12    65%   31, 35-37, 41, 45, 49-52, 56, 59
app/services/users/user_service.py                  108     66    39%   39-49, 57, 65, 69, 73, 78-113, 117-124, 128-134, 146-151, 155, 159, 168-178, 187-199, 203-206, 213, 216, 219, 222, 225
-------------------------------------------------------------------------------
TOTAL                                              8078   2967    63%

======================= 40 passed, 14 warnings in 2.07s ========================
